<?xml version="1.0" encoding="UTF-8"?>
<testsuite xmlns:xsi="http://www.w3.org/2001/XMLSchema-instance" xsi:noNamespaceSchemaLocation="https://maven.apache.org/surefire/maven-surefire-plugin/xsd/surefire-test-report-3.0.xsd" version="3.0" name="com.nffh.apigateway.ApigatewayApplicationTests" time="11.023" tests="1" errors="0" skipped="0" failures="0">
  <properties>
[...]
</properties>
  <testcase name="contextLoads" classname="com.nffh.apigateway.ApigatewayApplicationTests" time="1.077">
    <system-out><![CDATA[10:53:04.188 [main] INFO org.springframework.test.context.support.AnnotationConfigContextLoaderUtils -- Could not detect default configuration classes for test class [com.nffh.apigateway.ApigatewayApplicationTests]: ApigatewayApplicationTests does not declare any static, non-private, non-final, nested classes annotated with @Configuration.
10:53:04.346 [main] INFO org.springframework.boot.test.context.SpringBootTestContextBootstrapper -- Found @SpringBootConfiguration com.nffh.apigateway.ApigatewayApplication for test class com.nffh.apigateway.ApigatewayApplicationTests

  .   ____          _            __ _ _
 /\\ / ___'_ __ _ _(_)_ __  __ _ \ \ \ \
( ( )\___ | '_ | '_| | '_ \/ _` | \ \ \ \
 \\/  ___)| |_)| | | | | || (_| |  ) ) ) )
  '  |____| .__|_| |_|_| |_\__, | / / / /
 =========|_|==============|___/=/_/_/_/
 :: Spring Boot ::                (v3.1.4)

2023-09-28T10:53:06.118+02:00  INFO 4369 --- [           main] c.n.a.ApigatewayApplicationTests         : Starting ApigatewayApplicationTests using Java 17.0.7 with PID 4369 (started by giovdellap in /home/giovdellap/NFFH/nffh-getaway)
2023-09-28T10:53:06.121+02:00  INFO 4369 --- [           main] c.n.a.ApigatewayApplicationTests         : No active profile set, falling back to 1 default profile: "default"
2023-09-28T10:53:08.618+02:00  INFO 4369 --- [           main] o.s.cloud.context.scope.GenericScope     : BeanFactory id=c0e62045-07bb-3c9e-94a7-dabf2adc0d07
2023-09-28T10:53:10.139+02:00  INFO 4369 --- [           main] o.s.cloud.commons.util.InetUtils         : Cannot determine local hostname
2023-09-28T10:53:11.127+02:00  INFO 4369 --- [           main] o.s.c.g.r.RouteDefinitionRouteLocator    : Loaded RoutePredicateFactory [After]
2023-09-28T10:53:11.127+02:00  INFO 4369 --- [           main] o.s.c.g.r.RouteDefinitionRouteLocator    : Loaded RoutePredicateFactory [Before]
2023-09-28T10:53:11.128+02:00  INFO 4369 --- [           main] o.s.c.g.r.RouteDefinitionRouteLocator    : Loaded RoutePredicateFactory [Between]
2023-09-28T10:53:11.128+02:00  INFO 4369 --- [           main] o.s.c.g.r.RouteDefinitionRouteLocator    : Loaded RoutePredicateFactory [Cookie]
2023-09-28T10:53:11.128+02:00  INFO 4369 --- [           main] o.s.c.g.r.RouteDefinitionRouteLocator    : Loaded RoutePredicateFactory [Header]
2023-09-28T10:53:11.128+02:00  INFO 4369 --- [           main] o.s.c.g.r.RouteDefinitionRouteLocator    : Loaded RoutePredicateFactory [Host]
2023-09-28T10:53:11.128+02:00  INFO 4369 --- [           main] o.s.c.g.r.RouteDefinitionRouteLocator    : Loaded RoutePredicateFactory [Method]
2023-09-28T10:53:11.129+02:00  INFO 4369 --- [           main] o.s.c.g.r.RouteDefinitionRouteLocator    : Loaded RoutePredicateFactory [Path]
2023-09-28T10:53:11.129+02:00  INFO 4369 --- [           main] o.s.c.g.r.RouteDefinitionRouteLocator    : Loaded RoutePredicateFactory [Query]
2023-09-28T10:53:11.129+02:00  INFO 4369 --- [           main] o.s.c.g.r.RouteDefinitionRouteLocator    : Loaded RoutePredicateFactory [ReadBody]
2023-09-28T10:53:11.129+02:00  INFO 4369 --- [           main] o.s.c.g.r.RouteDefinitionRouteLocator    : Loaded RoutePredicateFactory [RemoteAddr]
2023-09-28T10:53:11.130+02:00  INFO 4369 --- [           main] o.s.c.g.r.RouteDefinitionRouteLocator    : Loaded RoutePredicateFactory [XForwardedRemoteAddr]
2023-09-28T10:53:11.130+02:00  INFO 4369 --- [           main] o.s.c.g.r.RouteDefinitionRouteLocator    : Loaded RoutePredicateFactory [Weight]
2023-09-28T10:53:11.130+02:00  INFO 4369 --- [           main] o.s.c.g.r.RouteDefinitionRouteLocator    : Loaded RoutePredicateFactory [CloudFoundryRouteService]
2023-09-28T10:53:13.187+02:00  INFO 4369 --- [           main] o.s.cloud.commons.util.InetUtils         : Cannot determine local hostname
2023-09-28T10:53:13.245+02:00  INFO 4369 --- [           main] o.s.b.a.e.web.EndpointLinksResolver      : Exposing 1 endpoint(s) beneath base path '/actuator'
2023-09-28T10:53:13.788+02:00  INFO 4369 --- [           main] c.n.a.ApigatewayApplicationTests         : Started ApigatewayApplicationTests in 9.164 seconds (process running for 10.82)
]]></system-out>
  </testcase>
</testsuite>